[2019-12-06 13:37:16,837] multiqc                                            [DEBUG  ]  No MultiQC config found: /data/home/kchoudha/miniconda3/envs/kc_env/lib/python3.7/site-packages/multiqc_config.yaml
[2019-12-06 13:37:16,838] multiqc                                            [DEBUG  ]  No MultiQC config found: /data/home/kchoudha/.multiqc_config.yaml
[2019-12-06 13:37:16,838] multiqc                                            [DEBUG  ]  No MultiQC config found: multiqc_config.yaml
[2019-12-06 13:37:16,838] multiqc                                            [DEBUG  ]  Command used: /data/home/kchoudha/miniconda3/envs/kc_env/bin/multiqc .
[2019-12-06 13:37:18,533] multiqc                                            [WARNING]  MultiQC Version v1.8 now available!
[2019-12-06 13:37:18,534] multiqc                                            [INFO   ]  This is MultiQC v1.7
[2019-12-06 13:37:18,534] multiqc                                            [DEBUG  ]  Command     : /data/home/kchoudha/miniconda3/envs/kc_env/bin/multiqc .
[2019-12-06 13:37:18,534] multiqc                                            [DEBUG  ]  Working dir : /data/projects/TM-1123/analysis_120619/10.fastqc
[2019-12-06 13:37:18,534] multiqc                                            [INFO   ]  Template    : default
[2019-12-06 13:37:18,534] multiqc                                            [INFO   ]  Searching '.'
[2019-12-06 13:37:18,534] multiqc                                            [DEBUG  ]  Analysing modules: custom_content, conpair, peddy, methylQA, phantompeakqualtools, qualimap, preseq, quast, qorts, rna_seqc, rsem, rseqc, busco, goleft_indexcov, disambiguate, supernova, deeptools, sargasso, verifybamid, mirtrace, happy, homer, macs2, theta2, snpeff, gatk, htseq, bcftools, featureCounts, dedup, damageprofiler, picard, prokka, samblaster, samtools, bamtools, jellyfish, vcftools, longranger, stacks, bbmap, bismark, biscuit, hicexplorer, hicup, hicpro, salmon, kallisto, slamdunk, star, hisat2, tophat, bowtie2, bowtie1, kat, leehom, adapterRemoval, clipandmerge, cutadapt, flexbar, trimmomatic, skewer, sortmerna, biobloomtools, fastq_screen, afterqc, fastp, fastqc, minionqc, clusterflow, bcl2fastq, interop, flash
[2019-12-06 13:37:18,534] multiqc                                            [DEBUG  ]  Using temporary directory for creating report: /tmp/tmpj7zgm3gf
[2019-12-06 13:37:18,735] multiqc                                            [DEBUG  ]  Ignoring file as matched an ignore pattern: 2_S2_L001_I1_001_fastqc.html
[2019-12-06 13:37:18,736] multiqc                                            [DEBUG  ]  Ignoring file as matched an ignore pattern: 2_S2_L002_I1_001_fastqc.html
[2019-12-06 13:37:18,736] multiqc                                            [DEBUG  ]  Ignoring file as matched an ignore pattern: 1_S1_L001_I1_001_fastqc.html
[2019-12-06 13:37:18,737] multiqc                                            [DEBUG  ]  Ignoring file as matched an ignore pattern: 3_S3_L001_I1_001_fastqc.html
[2019-12-06 13:37:18,739] multiqc                                            [DEBUG  ]  Ignoring file as matched an ignore pattern: 1_S1_L002_I1_001_fastqc.html
[2019-12-06 13:37:18,739] multiqc                                            [DEBUG  ]  Ignoring file as matched an ignore pattern: 3_S3_L002_I1_001_fastqc.html
[2019-12-06 13:37:18,740] multiqc                                            [DEBUG  ]  Ignoring file as matched an ignore pattern: 4_S4_L002_I1_001_fastqc.html
[2019-12-06 13:37:18,740] multiqc                                            [DEBUG  ]  Ignoring file as matched an ignore pattern: 4_S4_L001_I1_001_fastqc.html
[2019-12-06 13:37:18,741] multiqc                                            [DEBUG  ]  Ignoring file as matched an ignore pattern: 2_S2_L001_R1_001_fastqc.html
[2019-12-06 13:37:18,742] multiqc                                            [DEBUG  ]  Ignoring file as matched an ignore pattern: 2_S2_L002_R1_001_fastqc.html
[2019-12-06 13:37:18,743] multiqc                                            [DEBUG  ]  Ignoring file as matched an ignore pattern: 1_S1_L001_R1_001_fastqc.html
[2019-12-06 13:37:18,743] multiqc                                            [DEBUG  ]  Ignoring file as matched an ignore pattern: 3_S3_L001_R1_001_fastqc.html
[2019-12-06 13:37:18,744] multiqc                                            [DEBUG  ]  Ignoring file as matched an ignore pattern: 1_S1_L002_R1_001_fastqc.html
[2019-12-06 13:37:18,745] multiqc                                            [DEBUG  ]  Ignoring file as matched an ignore pattern: 4_S4_L001_R1_001_fastqc.html
[2019-12-06 13:37:18,745] multiqc                                            [DEBUG  ]  Ignoring file as matched an ignore pattern: 3_S3_L002_R1_001_fastqc.html
[2019-12-06 13:37:18,746] multiqc                                            [DEBUG  ]  Ignoring file as matched an ignore pattern: 4_S4_L002_R1_001_fastqc.html
[2019-12-06 13:37:18,746] multiqc                                            [DEBUG  ]  Ignoring file as matched an ignore pattern: 2_S2_L001_R2_001_fastqc.html
[2019-12-06 13:37:18,747] multiqc                                            [DEBUG  ]  Ignoring file as matched an ignore pattern: 2_S2_L002_R2_001_fastqc.html
[2019-12-06 13:37:18,748] multiqc                                            [DEBUG  ]  Ignoring file as matched an ignore pattern: 3_S3_L001_R2_001_fastqc.html
[2019-12-06 13:37:18,748] multiqc                                            [DEBUG  ]  Ignoring file as matched an ignore pattern: 1_S1_L001_R2_001_fastqc.html
[2019-12-06 13:37:18,749] multiqc                                            [DEBUG  ]  Ignoring file as matched an ignore pattern: 1_S1_L002_R2_001_fastqc.html
[2019-12-06 13:37:18,750] multiqc                                            [DEBUG  ]  Ignoring file as matched an ignore pattern: 4_S4_L001_R2_001_fastqc.html
[2019-12-06 13:37:18,750] multiqc                                            [DEBUG  ]  Ignoring file as matched an ignore pattern: 3_S3_L002_R2_001_fastqc.html
[2019-12-06 13:37:18,751] multiqc                                            [DEBUG  ]  Ignoring file as matched an ignore pattern: 4_S4_L002_R2_001_fastqc.html
[2019-12-06 13:37:19,890] multiqc                                            [DEBUG  ]  No samples found: custom_content
[2019-12-06 13:37:19,925] multiqc                                            [DEBUG  ]  No samples found: conpair
[2019-12-06 13:37:19,966] multiqc                                            [DEBUG  ]  No samples found: peddy
[2019-12-06 13:37:19,990] multiqc                                            [DEBUG  ]  No samples found: methylQA
[2019-12-06 13:37:20,004] multiqc                                            [DEBUG  ]  No samples found: phantompeakqualtools
[2019-12-06 13:37:20,037] multiqc                                            [DEBUG  ]  No samples found: qualimap
[2019-12-06 13:37:20,083] multiqc                                            [DEBUG  ]  No samples found: preseq
[2019-12-06 13:37:20,097] multiqc                                            [DEBUG  ]  No samples found: quast
[2019-12-06 13:37:20,124] multiqc                                            [DEBUG  ]  No samples found: qorts
[2019-12-06 13:37:20,136] multiqc                                            [DEBUG  ]  No samples found: rna_seqc
[2019-12-06 13:37:20,159] multiqc                                            [DEBUG  ]  No samples found: rsem
[2019-12-06 13:37:20,210] multiqc                                            [DEBUG  ]  No samples found: rseqc
[2019-12-06 13:37:20,230] multiqc                                            [DEBUG  ]  No samples found: busco
[2019-12-06 13:37:20,254] multiqc                                            [DEBUG  ]  No samples found: goleft_indexcov
[2019-12-06 13:37:20,279] multiqc                                            [DEBUG  ]  No samples found: disambiguate
[2019-12-06 13:37:20,310] multiqc                                            [DEBUG  ]  No samples found: supernova
[2019-12-06 13:37:20,365] multiqc                                            [DEBUG  ]  No samples found: deeptools
[2019-12-06 13:37:20,395] multiqc                                            [DEBUG  ]  No samples found: sargasso
[2019-12-06 13:37:20,409] multiqc                                            [DEBUG  ]  No samples found: verifybamid
[2019-12-06 13:37:20,428] multiqc                                            [DEBUG  ]  No samples found: mirtrace
[2019-12-06 13:37:20,453] multiqc                                            [DEBUG  ]  No samples found: happy
[2019-12-06 13:37:20,483] multiqc                                            [DEBUG  ]  No samples found: homer
[2019-12-06 13:37:20,495] multiqc                                            [DEBUG  ]  No samples found: macs2
[2019-12-06 13:37:20,519] multiqc                                            [DEBUG  ]  No samples found: theta2
[2019-12-06 13:37:20,543] multiqc                                            [DEBUG  ]  No samples found: snpeff
[2019-12-06 13:37:20,586] multiqc                                            [DEBUG  ]  No samples found: gatk
[2019-12-06 13:37:20,618] multiqc                                            [DEBUG  ]  No samples found: htseq
[2019-12-06 13:37:20,649] multiqc                                            [DEBUG  ]  No samples found: bcftools
[2019-12-06 13:37:20,667] multiqc                                            [DEBUG  ]  No samples found: featureCounts
[2019-12-06 13:37:20,695] multiqc                                            [DEBUG  ]  No samples found: dedup
[2019-12-06 13:37:20,719] multiqc                                            [DEBUG  ]  No samples found: damageprofiler
[2019-12-06 13:37:20,763] multiqc                                            [DEBUG  ]  No samples found: picard
[2019-12-06 13:37:20,779] multiqc                                            [DEBUG  ]  No samples found: prokka
[2019-12-06 13:37:20,803] multiqc                                            [DEBUG  ]  No samples found: samblaster
[2019-12-06 13:37:20,848] multiqc                                            [DEBUG  ]  No samples found: samtools
[2019-12-06 13:37:20,888] multiqc                                            [DEBUG  ]  No samples found: bamtools
[2019-12-06 13:37:20,911] multiqc                                            [DEBUG  ]  No samples found: jellyfish
[2019-12-06 13:37:20,966] multiqc                                            [DEBUG  ]  No samples found: vcftools
[2019-12-06 13:37:21,008] multiqc                                            [DEBUG  ]  No samples found: longranger
[2019-12-06 13:37:21,021] multiqc                                            [DEBUG  ]  No samples found: stacks
[2019-12-06 13:37:21,090] multiqc                                            [DEBUG  ]  No samples found: bbmap
[2019-12-06 13:37:21,112] multiqc                                            [DEBUG  ]  No samples found: bismark
[2019-12-06 13:37:21,137] multiqc                                            [DEBUG  ]  No samples found: biscuit
[2019-12-06 13:37:21,172] multiqc                                            [DEBUG  ]  No samples found: hicexplorer
[2019-12-06 13:37:21,186] multiqc                                            [DEBUG  ]  No samples found: hicup
[2019-12-06 13:37:21,221] multiqc                                            [DEBUG  ]  No samples found: hicpro
[2019-12-06 13:37:21,252] multiqc                                            [DEBUG  ]  No samples found: salmon
[2019-12-06 13:37:21,266] multiqc                                            [DEBUG  ]  No samples found: kallisto
[2019-12-06 13:37:21,297] multiqc                                            [DEBUG  ]  No samples found: slamdunk
[2019-12-06 13:37:21,312] multiqc                                            [DEBUG  ]  No samples found: star
[2019-12-06 13:37:21,353] multiqc                                            [DEBUG  ]  No samples found: hisat2
[2019-12-06 13:37:21,366] multiqc                                            [DEBUG  ]  No samples found: tophat
[2019-12-06 13:37:21,386] multiqc                                            [DEBUG  ]  No samples found: bowtie2
[2019-12-06 13:37:21,431] multiqc                                            [DEBUG  ]  No samples found: bowtie1
[2019-12-06 13:37:21,465] multiqc                                            [DEBUG  ]  No samples found: kat
[2019-12-06 13:37:21,473] multiqc                                            [DEBUG  ]  No samples found: leehom
[2019-12-06 13:37:21,498] multiqc                                            [DEBUG  ]  No samples found: adapterRemoval
[2019-12-06 13:37:21,523] multiqc                                            [DEBUG  ]  No samples found: clipandmerge
[2019-12-06 13:37:21,546] multiqc                                            [DEBUG  ]  No samples found: cutadapt
[2019-12-06 13:37:21,561] multiqc                                            [DEBUG  ]  No samples found: flexbar
[2019-12-06 13:37:21,578] multiqc                                            [DEBUG  ]  No samples found: trimmomatic
[2019-12-06 13:37:21,600] multiqc                                            [DEBUG  ]  No samples found: skewer
[2019-12-06 13:37:21,632] multiqc                                            [DEBUG  ]  No samples found: sortmerna
[2019-12-06 13:37:21,652] multiqc                                            [DEBUG  ]  No samples found: biobloomtools
[2019-12-06 13:37:21,675] multiqc                                            [DEBUG  ]  No samples found: fastq_screen
[2019-12-06 13:37:21,695] multiqc                                            [DEBUG  ]  No samples found: afterqc
[2019-12-06 13:37:21,709] multiqc                                            [DEBUG  ]  No samples found: fastp
[2019-12-06 13:37:22,828] multiqc.modules.fastqc.fastqc                      [INFO   ]  Found 24 reports
[2019-12-06 13:37:23,027] multiqc                                            [DEBUG  ]  No samples found: minionqc
[2019-12-06 13:37:23,062] multiqc                                            [DEBUG  ]  No samples found: clusterflow
[2019-12-06 13:37:23,084] multiqc                                            [DEBUG  ]  No samples found: bcl2fastq
[2019-12-06 13:37:23,116] multiqc                                            [DEBUG  ]  No samples found: interop
[2019-12-06 13:37:23,132] multiqc                                            [DEBUG  ]  No samples found: flash
[2019-12-06 13:37:23,172] multiqc                                            [INFO   ]  Compressing plot data
[2019-12-06 13:37:23,492] multiqc                                            [INFO   ]  Report      : multiqc_report.html
[2019-12-06 13:37:23,492] multiqc                                            [INFO   ]  Data        : multiqc_data
[2019-12-06 13:37:23,513] multiqc                                            [DEBUG  ]  Moving data file from '/tmp/tmpj7zgm3gf/multiqc_data/multiqc_fastqc.txt' to '/data/projects/TM-1123/analysis_120619/10.fastqc/multiqc_data'
[2019-12-06 13:37:23,518] multiqc                                            [DEBUG  ]  Moving data file from '/tmp/tmpj7zgm3gf/multiqc_data/multiqc_general_stats.txt' to '/data/projects/TM-1123/analysis_120619/10.fastqc/multiqc_data'
[2019-12-06 13:37:23,533] multiqc                                            [DEBUG  ]  Moving data file from '/tmp/tmpj7zgm3gf/multiqc_data/multiqc_sources.txt' to '/data/projects/TM-1123/analysis_120619/10.fastqc/multiqc_data'
[2019-12-06 13:37:23,535] multiqc                                            [DEBUG  ]  Moving data file from '/tmp/tmpj7zgm3gf/multiqc_data/multiqc_data.json' to '/data/projects/TM-1123/analysis_120619/10.fastqc/multiqc_data'
[2019-12-06 13:37:23,806] multiqc                                            [INFO   ]  MultiQC complete
